  Checking Build System
  CMake is re-running because G:/mobile_league_game/proj.win32/CMakeFiles/generate.stamp is out-of-date.
    the file 'G:/mobile_league_game/CMakeLists.txt'
    is newer than 'G:/mobile_league_game/proj.win32/CMakeFiles/generate.stamp.depend'
    result='-1'
  -- Selecting Windows SDK version 10.0.18362.0 to target Windows 10.0.19041.
  -- PROJECT_NAME:mobile_league_game
  -- PROJECT_SOURCE_DIR:G:/mobile_league_game
  -- COCOS2DX_ROOT_PATH:G:/mobile_league_game/cocos2d
  -- CMAKE_MODULE_PATH:G:/mobile_league_game/cocos2d/cmake/Modules/
  -- PROJECT_BINARY_DIR:G:/mobile_league_game/proj.win32
  -- ENGINE_BINARY_PATH:G:/mobile_league_game/proj.win32/engine
  -- PYTHON_PATH:C:/Python27/python.exe
  -- COCOS_COMMAND_PATH:G:/cocos2d-x-4.0/tools/cocos2d-console/bin/cocos
  -- HOST_SYSTEM:Windows
  -- CMAKE_GENERATOR: Visual Studio 16 2019
  -- using Windows MSVC generate cocos2d-x project, MSVC_VERSION:1927
  -- COCOS2DX_LUAJIT_ROOT:G:/cocos2d-x-4.0/tools/cocos2d-console/bin/../plugins/plugin_luacompile/bin
  -- LUAJIT32_COMMAND:G:/cocos2d-x-4.0/tools/cocos2d-console/plugins/plugin_luacompile/bin/32bit/luajit-win32.exe
  -- LUAJIT64_COMMAND:G:/cocos2d-x-4.0/tools/cocos2d-console/plugins/plugin_luacompile/bin/64bit/luajit-win32.exe
  -- cocos_mark_code_files: cocos2d
  -- cocos_mark_code_files: mobile_league_game
  -- Configuring done
  -- Generating done
  -- Build files have been written to: G:/mobile_league_game/proj.win32
