  Brand.cpp
  WorldMap.cpp
G:\mobile_league_game\Classes\Brand.h(3,10): warning C4067: nieoczekiwane tokeny występujące po dyrektywie preprocesora - oczekiwano nowego wiersza (kompilowanie pliku źródłowego ..\Classes\Brand.cpp)
G:\mobile_league_game\Classes\Brand.h(3,10): warning C4067: nieoczekiwane tokeny występujące po dyrektywie preprocesora - oczekiwano nowego wiersza (kompilowanie pliku źródłowego G:\mobile_league_game\Classes\WorldMap.cpp)
..\Classes\Brand.cpp(59,28): warning C4244: "=": konwersja z "double" do "float", możliwa utrata danych
G:\mobile_league_game\Classes\WorldMap.cpp(28,85): warning C4305: "argument": obcięcie z "double" do "float"
G:\mobile_league_game\Classes\BrandLevel.h(63,1): warning C4305: "argument": obcięcie z "double" do "float" (kompilowanie pliku źródłowego G:\mobile_league_game\Classes\WorldMap.cpp)
G:\mobile_league_game\Classes\BrandLevel.h(52): message : podczas kompilowania funkcji składowej „bool BrandLevel<Brand,Ryze>::init(void)” klasy klasa szablon (kompilowanie pliku źródłowego G:\mobile_league_game\Classes\WorldMap.cpp)
G:\mobile_league_game\Classes\WorldMap.cpp(66): message : zobacz odwołanie do kompilowanego tworzenia wystąpienia „BrandLevel<Brand,Ryze>” klasy klasa szablon
G:\mobile_league_game\Classes\BrandLevel.h(272,38): warning C4244: "=": konwersja z "double" do "float", możliwa utrata danych (kompilowanie pliku źródłowego G:\mobile_league_game\Classes\WorldMap.cpp)
G:\mobile_league_game\Classes\BrandLevel.h(267): message : podczas kompilowania funkcji składowej „void BrandLevel<Brand,Ryze>::updateEnemyHeroFirstSpellCooldown(float)” klasy klasa szablon (kompilowanie pliku źródłowego G:\mobile_league_game\Classes\WorldMap.cpp)
G:\mobile_league_game\Classes\BrandLevel.h(143): message : zobacz odwołanie do kompilowanego tworzenia wystąpienia „void BrandLevel<Brand,Ryze>::updateEnemyHeroFirstSpellCooldown(float)” funkcji szablon (kompilowanie pliku źródłowego G:\mobile_league_game\Classes\WorldMap.cpp)
G:\mobile_league_game\Classes\BrandLevel.h(83): message : podczas kompilowania funkcji składowej „BrandLevel<Brand,Ryze> *BrandLevel<Brand,Ryze>::create(void)” klasy klasa szablon (kompilowanie pliku źródłowego G:\mobile_league_game\Classes\WorldMap.cpp)
G:\mobile_league_game\Classes\BrandLevel.h(76): message : zobacz odwołanie do kompilowanego tworzenia wystąpienia „BrandLevel<Brand,Ryze> *BrandLevel<Brand,Ryze>::create(void)” funkcji szablon (kompilowanie pliku źródłowego G:\mobile_league_game\Classes\WorldMap.cpp)
G:\mobile_league_game\Classes\BrandLevel.h(52): message : podczas kompilowania funkcji składowej „bool BrandLevel<Brand,Ryze>::init(void)” klasy klasa szablon (kompilowanie pliku źródłowego G:\mobile_league_game\Classes\WorldMap.cpp)
G:\mobile_league_game\Classes\BrandLevel.h(218,28): warning C4244: "argument": konwersja z "double" do "float", możliwa utrata danych (kompilowanie pliku źródłowego G:\mobile_league_game\Classes\WorldMap.cpp)
G:\mobile_league_game\Classes\BrandLevel.h(212): message : podczas kompilowania funkcji składowej „void BrandLevel<Brand,Ryze>::updateAllyHeroHpBar(short)” klasy klasa szablon (kompilowanie pliku źródłowego G:\mobile_league_game\Classes\WorldMap.cpp)
G:\mobile_league_game\Classes\BrandLevel.h(235): message : zobacz odwołanie do kompilowanego tworzenia wystąpienia „void BrandLevel<Brand,Ryze>::updateAllyHeroHpBar(short)” funkcji szablon (kompilowanie pliku źródłowego G:\mobile_league_game\Classes\WorldMap.cpp)
G:\mobile_league_game\Classes\BrandLevel.h(232): message : podczas kompilowania funkcji składowej „void BrandLevel<Brand,Ryze>::dealDamageToAllyHero(void)” klasy klasa szablon (kompilowanie pliku źródłowego G:\mobile_league_game\Classes\WorldMap.cpp)
G:\mobile_league_game\Classes\BrandLevel.h(256): message : zobacz odwołanie do kompilowanego tworzenia wystąpienia „void BrandLevel<Brand,Ryze>::dealDamageToAllyHero(void)” funkcji szablon (kompilowanie pliku źródłowego G:\mobile_league_game\Classes\WorldMap.cpp)
G:\mobile_league_game\Classes\BrandLevel.h(129): message : podczas kompilowania funkcji składowej „void BrandLevel<Brand,Ryze>::addHeroSpells(std::string)” klasy klasa szablon (kompilowanie pliku źródłowego G:\mobile_league_game\Classes\WorldMap.cpp)
G:\mobile_league_game\Classes\BrandLevel.h(125): message : zobacz odwołanie do kompilowanego tworzenia wystąpienia „void BrandLevel<Brand,Ryze>::addHeroSpells(std::string)” funkcji szablon (kompilowanie pliku źródłowego G:\mobile_league_game\Classes\WorldMap.cpp)
G:\mobile_league_game\Classes\BrandLevel.h(107): message : podczas kompilowania funkcji składowej „void BrandLevel<Brand,Ryze>::addBackground(std::string)” klasy klasa szablon (kompilowanie pliku źródłowego G:\mobile_league_game\Classes\WorldMap.cpp)
G:\mobile_league_game\Classes\BrandLevel.h(99): message : zobacz odwołanie do kompilowanego tworzenia wystąpienia „void BrandLevel<Brand,Ryze>::addBackground(std::string)” funkcji szablon (kompilowanie pliku źródłowego G:\mobile_league_game\Classes\WorldMap.cpp)
G:\mobile_league_game\Classes\BrandLevel.h(228,29): warning C4244: "argument": konwersja z "double" do "float", możliwa utrata danych (kompilowanie pliku źródłowego G:\mobile_league_game\Classes\WorldMap.cpp)
G:\mobile_league_game\Classes\BrandLevel.h(222): message : podczas kompilowania funkcji składowej „void BrandLevel<Brand,Ryze>::updateEnemyHeroHpBar(short)” klasy klasa szablon (kompilowanie pliku źródłowego G:\mobile_league_game\Classes\WorldMap.cpp)
G:\mobile_league_game\Classes\BrandLevel.h(242): message : zobacz odwołanie do kompilowanego tworzenia wystąpienia „void BrandLevel<Brand,Ryze>::updateEnemyHeroHpBar(short)” funkcji szablon (kompilowanie pliku źródłowego G:\mobile_league_game\Classes\WorldMap.cpp)
G:\mobile_league_game\Classes\BrandLevel.h(212): message : podczas kompilowania funkcji składowej „void BrandLevel<Brand,Ryze>::updateAllyHeroHpBar(short)” klasy klasa szablon (kompilowanie pliku źródłowego G:\mobile_league_game\Classes\WorldMap.cpp)
G:\mobile_league_game\Classes\BrandLevel.h(235): message : zobacz odwołanie do kompilowanego tworzenia wystąpienia „void BrandLevel<Brand,Ryze>::updateAllyHeroHpBar(short)” funkcji szablon (kompilowanie pliku źródłowego G:\mobile_league_game\Classes\WorldMap.cpp)
  mobile_league_game.vcxproj -> G:\mobile_league_game\proj.win32\bin\mobile_league_game\Debug\mobile_league_game.exe
